<?xml version="1.0" encoding="UTF-8"?>
<testsuite xmlns:xsi="http://www.w3.org/2001/XMLSchema-instance" xsi:noNamespaceSchemaLocation="https://maven.apache.org/surefire/maven-surefire-plugin/xsd/surefire-test-report.xsd" name="runner.TestRunner" time="9.006" tests="5" errors="0" skipped="0" failures="0">
  <properties>
[...]
</properties>
  <testcase name="Check response time of GET Request" classname="Verifying the status, response time and response of a GET Request" time="6.415"/>
  <testcase name="Check values for response fields: id and segment_type" classname="Verifying the status, response time and response of a GET Request" time="0.792"/>
  <testcase name="Check primary field in title list has value" classname="Verifying the status, response time and response of a GET Request" time="0.527"/>
  <testcase name="Check now_playing is set to true for only one track" classname="Verifying the status, response time and response of a GET Request" time="0.52"/>
  <testcase name="Verify date field in response header is current date and time" classname="Verifying the status, response time and response of a GET Request" time="0.496"/>
</testsuite>